<?xml version="1.0" encoding="utf-8"?><testsuites><testsuite name="pytest" errors="0" failures="0" skipped="0" tests="4" time="27.820" timestamp="2024-10-17T14:08:19.609008+00:00" hostname="biobb-runners"><testcase classname="biobb_cmip.test.unitests.test_cmip.test_cmip_ignore_residues.TestCmipIgnoreResidues" name="test_cmip_ignore_residues" time="0.372" /><testcase classname="biobb_cmip.test.unitests.test_cmip.test_cmip_prepare_pdb.TestCmipPreparePDB" name="test_cmip_prepare_pdb" time="0.787" /><testcase classname="biobb_cmip.test.unitests.test_cmip.test_cmip_prepare_structure.TestCmipPrepareStructureTopology" name="test_cmip_prepare_structure_Topology" time="7.711" /><testcase classname="biobb_cmip.test.unitests.test_cmip.test_cmip_run.TestCmipRunEnergy" name="test_cmip_run_energy" time="17.766" /></testsuite></testsuites>