<?xml version="1.0" encoding="utf-8"?><testsuites><testsuite name="pytest" errors="0" failures="0" skipped="0" tests="4" time="173.756" timestamp="2025-01-28T09:37:00.737958+00:00" hostname="biobb-runners"><testcase classname="biobb_cmip.test.unitests.test_cmip.test_cmip_ignore_residues.TestCmipIgnoreResidues" name="test_cmip_ignore_residues" time="0.312" /><testcase classname="biobb_cmip.test.unitests.test_cmip.test_cmip_prepare_pdb.TestCmipPreparePDB" name="test_cmip_prepare_pdb" time="0.794" /><testcase classname="biobb_cmip.test.unitests.test_cmip.test_cmip_prepare_structure.TestCmipPrepareStructureTopology" name="test_cmip_prepare_structure_Topology" time="7.596" /><testcase classname="biobb_cmip.test.unitests.test_cmip.test_cmip_run.TestCmipRunEnergy" name="test_cmip_run_energy" time="164.138" /></testsuite></testsuites>