<?xml version="1.0" encoding="utf-8"?><testsuites><testsuite name="pytest" errors="0" failures="0" skipped="0" tests="4" time="28.769" timestamp="2025-01-21T15:59:01.633944+00:00" hostname="biobb-runners"><testcase classname="biobb_cmip.test.unitests.test_cmip.test_cmip_ignore_residues.TestCmipIgnoreResidues" name="test_cmip_ignore_residues" time="0.319" /><testcase classname="biobb_cmip.test.unitests.test_cmip.test_cmip_prepare_pdb.TestCmipPreparePDB" name="test_cmip_prepare_pdb" time="0.832" /><testcase classname="biobb_cmip.test.unitests.test_cmip.test_cmip_prepare_structure.TestCmipPrepareStructureTopology" name="test_cmip_prepare_structure_Topology" time="8.672" /><testcase classname="biobb_cmip.test.unitests.test_cmip.test_cmip_run.TestCmipRunEnergy" name="test_cmip_run_energy" time="17.978" /></testsuite></testsuites>