<?xml version="1.0" encoding="utf-8"?><testsuites><testsuite name="pytest" errors="0" failures="0" skipped="0" tests="4" time="27.530" timestamp="2023-09-15T13:28:09.669932" hostname="biobb-runners"><testcase classname="biobb_cmip.test.unitests.test_cmip.test_cmip_ignore_residues.TestCmipIgnoreResidues" name="test_cmip_ignore_residues" time="0.371" /><testcase classname="biobb_cmip.test.unitests.test_cmip.test_cmip_prepare_pdb.TestCmipPreparePDB" name="test_cmip_prepare_pdb" time="0.689" /><testcase classname="biobb_cmip.test.unitests.test_cmip.test_cmip_prepare_structure.TestCmipPrepareStructureTopology" name="test_cmip_prepare_structure_Topology" time="8.024" /><testcase classname="biobb_cmip.test.unitests.test_cmip.test_cmip_run.TestCmipRunEnergy" name="test_cmip_run_energy" time="17.837" /></testsuite></testsuites>